SF:lib/src/models/airquality_status.dart
DA:5,2
DA:10,2
DA:11,2
DA:12,2
DA:13,2
DA:14,2
DA:30,2
DA:42,4
DA:43,2
DA:44,2
DA:45,2
DA:46,8
DA:47,4
DA:48,2
DA:49,4
DA:50,4
DA:51,4
DA:52,4
DA:61,2
DA:67,4
DA:68,2
DA:69,2
DA:70,2
DA:80,2
DA:87,4
DA:88,10
DA:89,2
DA:90,2
DA:91,2
DA:98,2
DA:102,4
DA:103,4
DA:110,2
DA:114,4
DA:115,4
DA:124,2
DA:130,4
DA:131,10
DA:132,10
DA:133,10
DA:143,2
DA:150,4
DA:151,2
DA:152,4
DA:153,2
DA:154,2
DA:167,2
DA:177,4
DA:178,4
DA:179,4
DA:180,4
DA:181,4
DA:182,4
DA:183,4
DA:184,4
DA:191,2
DA:195,4
DA:196,4
DA:206,2
DA:213,4
DA:214,4
DA:215,2
DA:216,2
DA:217,4
LF:64
LH:64
end_of_record
SF:lib/src/airquality_api_client.dart
DA:14,1
DA:15,1
DA:22,1
DA:26,1
DA:28,1
DA:29,1
DA:34,2
DA:38,2
DA:39,1
DA:43,2
DA:45,2
DA:46,1
DA:49,1
LF:13
LH:13
end_of_record
