SF:lib/src/models/airquality_status.dart
DA:12,2
DA:17,0
DA:18,0
DA:20,0
DA:22,2
DA:23,2
DA:24,2
DA:25,4
DA:28,0
DA:29,0
DA:30,0
DA:45,2
DA:57,0
DA:59,0
DA:61,4
DA:62,2
DA:63,2
DA:64,2
DA:65,8
DA:66,4
DA:67,2
DA:68,4
DA:69,4
DA:70,4
DA:71,4
DA:74,0
DA:75,0
DA:76,0
DA:77,0
DA:78,0
DA:79,0
DA:80,0
DA:81,0
DA:82,0
DA:83,0
DA:92,2
DA:98,0
DA:99,0
DA:101,0
DA:103,4
DA:104,2
DA:105,2
DA:106,2
DA:109,0
DA:110,0
DA:111,0
DA:112,0
DA:122,2
DA:129,0
DA:131,0
DA:133,4
DA:134,10
DA:135,2
DA:136,2
DA:137,2
DA:140,0
DA:141,0
DA:142,0
DA:143,0
DA:144,0
DA:151,2
DA:155,0
DA:157,0
DA:159,4
DA:160,4
DA:163,0
DA:164,0
DA:171,2
DA:175,0
DA:176,0
DA:178,0
DA:180,4
DA:181,4
DA:184,0
DA:185,0
DA:194,2
DA:200,0
DA:202,0
DA:204,4
DA:205,10
DA:206,10
DA:207,10
DA:210,0
DA:211,0
DA:212,0
DA:213,0
DA:223,2
DA:230,0
DA:232,0
DA:234,4
DA:235,2
DA:236,4
DA:237,2
DA:238,2
DA:241,0
DA:242,0
DA:244,0
DA:245,0
DA:246,0
DA:259,2
DA:269,0
DA:271,0
DA:273,4
DA:274,4
DA:275,4
DA:276,4
DA:277,4
DA:278,4
DA:279,4
DA:280,4
DA:283,0
DA:284,0
DA:285,0
DA:286,0
DA:287,0
DA:288,0
DA:289,0
DA:290,0
DA:297,2
DA:301,0
DA:303,0
DA:305,4
DA:306,4
DA:309,0
DA:310,0
DA:320,2
DA:327,0
DA:329,0
DA:331,4
DA:332,4
DA:333,2
DA:334,2
DA:335,4
DA:338,0
DA:339,0
DA:340,0
DA:341,0
DA:342,0
LF:138
LH:63
end_of_record
SF:lib/src/airquality_api_client.dart
DA:15,1
DA:16,1
DA:23,1
DA:26,1
DA:29,1
DA:30,1
DA:35,2
DA:37,2
DA:38,1
DA:42,2
DA:44,2
DA:45,1
DA:48,1
LF:13
LH:13
end_of_record
